목록 2-11: 블록 호출과 블록 자체에 대한 YARV 명령들

== disasm: <RubyVM::InstructionSequence:<compiled>@<compiled>>=============
== catch table
| catch type: break  st: 0002 ed: 0006 sp: 0000 cont: 0006
|------------------------------------------------------------------------
0000 trace            1                                               (   1)
0002 putobject        10
0004 send             <callinfo!mid:times, argc:0, block:block in <compiled>>
0006 leave
== disasm: #<RubyVM::InstructionSequence:block in <compiled>@<compiled>>=
== catch table
| catch type: redo   st: 0000 ed: 0011 sp: 0000 cont: 0000
| catch type: next   st: 0000 ed: 0011 sp: 0000 cont: 0011
|------------------------------------------------------------------------
local table (size: 2, argc: 1 [opts: 0, rest: -1, post: 0, block: -1] s3)
[ 2] n<Arg>
0000 trace            256                                             (   1)
0002 trace            1                                               (   2)
0004 putself
0005 getlocal_OP__WC__0 2
0007 opt_send_simple  <callinfo!mid:puts, argc:1, FCALL|ARGS_SKIP>
0009 trace            512                                             (   3)
0011 leave                                                            (   2)
